DEBUG:paramiko.transport:starting thread (client mode): 0xa665bd90
DEBUG:paramiko.transport:starting thread (client mode): 0xa665be50
DEBUG:paramiko.transport:Local version/idstring: SSH-2.0-paramiko_2.8.0
DEBUG:paramiko.transport:Local version/idstring: SSH-2.0-paramiko_2.8.0
DEBUG:paramiko.transport:starting thread (client mode): 0xa665beb0
DEBUG:paramiko.transport:Local version/idstring: SSH-2.0-paramiko_2.8.0
DEBUG:paramiko.transport:Remote version/idstring: SSH-2.0-Cisco-1.25
INFO:paramiko.transport:Connected (version 2.0, client Cisco-1.25)
DEBUG:paramiko.transport:kex algos:['diffie-hellman-group-exchange-sha1', 'diffie-hellman-group14-sha1', 'diffie-hellman-group1-sha1'] server key:['ssh-rsa'] client encrypt:['aes128-ctr', 'aes192-ctr', 'aes256-ctr', 'aes128-cbc', '3des-cbc', 'aes192-cbc', 'aes256-cbc'] server encrypt:['aes128-ctr', 'aes192-ctr', 'aes256-ctr', 'aes128-cbc', '3des-cbc', 'aes192-cbc', 'aes256-cbc'] client mac:['hmac-sha1', 'hmac-sha1-96'] server mac:['hmac-sha1', 'hmac-sha1-96'] client compress:['none'] server compress:['none'] client lang:[''] server lang:[''] kex follows?False
DEBUG:paramiko.transport:Kex agreed: diffie-hellman-group-exchange-sha1
DEBUG:paramiko.transport:HostKey agreed: ssh-rsa
DEBUG:paramiko.transport:Cipher agreed: aes128-ctr
DEBUG:paramiko.transport:MAC agreed: hmac-sha1
DEBUG:paramiko.transport:Compression agreed: none
DEBUG:paramiko.transport:Remote version/idstring: SSH-2.0-Cisco-1.25
INFO:paramiko.transport:Connected (version 2.0, client Cisco-1.25)
DEBUG:paramiko.transport:kex algos:['diffie-hellman-group-exchange-sha1', 'diffie-hellman-group14-sha1', 'diffie-hellman-group1-sha1'] server key:['ssh-rsa'] client encrypt:['aes128-ctr', 'aes192-ctr', 'aes256-ctr', 'aes128-cbc', '3des-cbc', 'aes192-cbc', 'aes256-cbc'] server encrypt:['aes128-ctr', 'aes192-ctr', 'aes256-ctr', 'aes128-cbc', '3des-cbc', 'aes192-cbc', 'aes256-cbc'] client mac:['hmac-sha1', 'hmac-sha1-96'] server mac:['hmac-sha1', 'hmac-sha1-96'] client compress:['none'] server compress:['none'] client lang:[''] server lang:[''] kex follows?False
DEBUG:paramiko.transport:Kex agreed: diffie-hellman-group-exchange-sha1
DEBUG:paramiko.transport:HostKey agreed: ssh-rsa
DEBUG:paramiko.transport:Cipher agreed: aes128-ctr
DEBUG:paramiko.transport:MAC agreed: hmac-sha1
DEBUG:paramiko.transport:Compression agreed: none
DEBUG:paramiko.transport:Got server p (2048 bits)
DEBUG:paramiko.transport:Remote version/idstring: SSH-2.0-Cisco-1.25
INFO:paramiko.transport:Connected (version 2.0, client Cisco-1.25)
DEBUG:paramiko.transport:kex algos:['diffie-hellman-group-exchange-sha1', 'diffie-hellman-group14-sha1', 'diffie-hellman-group1-sha1'] server key:['ssh-rsa'] client encrypt:['aes128-ctr', 'aes192-ctr', 'aes256-ctr', 'aes128-cbc', '3des-cbc', 'aes192-cbc', 'aes256-cbc'] server encrypt:['aes128-ctr', 'aes192-ctr', 'aes256-ctr', 'aes128-cbc', '3des-cbc', 'aes192-cbc', 'aes256-cbc'] client mac:['hmac-sha1', 'hmac-sha1-96'] server mac:['hmac-sha1', 'hmac-sha1-96'] client compress:['none'] server compress:['none'] client lang:[''] server lang:[''] kex follows?False
DEBUG:paramiko.transport:Kex agreed: diffie-hellman-group-exchange-sha1
DEBUG:paramiko.transport:HostKey agreed: ssh-rsa
DEBUG:paramiko.transport:Cipher agreed: aes128-ctr
DEBUG:paramiko.transport:MAC agreed: hmac-sha1
DEBUG:paramiko.transport:Compression agreed: none
DEBUG:paramiko.transport:Got server p (2048 bits)
DEBUG:paramiko.transport:Got server p (2048 bits)
DEBUG:paramiko.transport:kex engine KexGex specified hash_algo <built-in function openssl_sha1>
DEBUG:paramiko.transport:Switch to new keys ...
DEBUG:paramiko.transport:Adding ssh-rsa host key for 192.168.122.102: b'b414d61c67a58bc8ba85e58559ba9177'
DEBUG:paramiko.transport:kex engine KexGex specified hash_algo <built-in function openssl_sha1>
DEBUG:paramiko.transport:Switch to new keys ...
DEBUG:paramiko.transport:Adding ssh-rsa host key for 192.168.122.101: b'e7e97dfc8fb7bd8438f17f3d67fb82d7'
DEBUG:paramiko.transport:kex engine KexGex specified hash_algo <built-in function openssl_sha1>
DEBUG:paramiko.transport:Switch to new keys ...
DEBUG:paramiko.transport:Adding ssh-rsa host key for 192.168.122.103: b'aa8cd6124dc826e21207e2e30e58c350'
DEBUG:paramiko.transport:userauth is OK
INFO:paramiko.transport:Authentication (password) successful!
DEBUG:paramiko.transport:[chan 0] Max packet in: 32768 bytes
DEBUG:paramiko.transport:[chan 0] Max packet out: 4096 bytes
DEBUG:paramiko.transport:Secsh channel 0 opened.
DEBUG:paramiko.transport:[chan 0] Sesch channel 0 request ok
DEBUG:paramiko.transport:[chan 0] Sesch channel 0 request ok
DEBUG:netmiko:write_channel: b'terminal width 511\n'
DEBUG:netmiko:Pattern is: terminal width 511
DEBUG:netmiko:_read_channel_expect read_data: RW3#
DEBUG:netmiko:_read_channel_expect read_data: term
DEBUG:paramiko.transport:userauth is OK
INFO:paramiko.transport:Authentication (password) successful!
DEBUG:paramiko.transport:[chan 0] Max packet in: 32768 bytes
DEBUG:paramiko.transport:[chan 0] Max packet out: 4096 bytes
DEBUG:paramiko.transport:Secsh channel 0 opened.
DEBUG:paramiko.transport:[chan 0] Sesch channel 0 request ok
DEBUG:netmiko:_read_channel_expect read_data: inal widt
DEBUG:paramiko.transport:[chan 0] Sesch channel 0 request ok
DEBUG:netmiko:write_channel: b'terminal width 511\n'
DEBUG:netmiko:Pattern is: terminal width 511
DEBUG:netmiko:_read_channel_expect read_data: RW2#
DEBUG:netmiko:_read_channel_expect read_data: h 511
DEBUG:netmiko:Pattern found: terminal width 511 RW3#terminal width 511
DEBUG:netmiko:In disable_paging
DEBUG:netmiko:Command: terminal length 0

DEBUG:netmiko:write_channel: b'terminal length 0\n'
DEBUG:netmiko:Pattern is: terminal\ length\ 0
DEBUG:netmiko:_read_channel_expect read_data: 

DEBUG:netmiko:_read_channel_expect read_data: te
DEBUG:netmiko:_read_channel_expect read_data: RW3#t
DEBUG:netmiko:_read_channel_expect read_data: rmi
DEBUG:netmiko:_read_channel_expect read_data: ermi
DEBUG:netmiko:_read_channel_expect read_data: nal 
DEBUG:netmiko:_read_channel_expect read_data: nal 
DEBUG:netmiko:_read_channel_expect read_data: wi
DEBUG:netmiko:_read_channel_expect read_data: lengt
DEBUG:netmiko:_read_channel_expect read_data: dth
DEBUG:netmiko:_read_channel_expect read_data: h 0

DEBUG:netmiko:Pattern found: terminal\ length\ 0 
RW3#terminal length 0

DEBUG:netmiko:
RW3#terminal length 0

DEBUG:netmiko:Exiting disable_paging
DEBUG:netmiko:_read_channel_expect read_data:  511
DEBUG:netmiko:Pattern found: terminal width 511 RW2#terminal width 511
DEBUG:netmiko:In disable_paging
DEBUG:netmiko:Command: terminal length 0

DEBUG:netmiko:write_channel: b'terminal length 0\n'
DEBUG:netmiko:Pattern is: terminal\ length\ 0
DEBUG:netmiko:_read_channel_expect read_data: 

DEBUG:netmiko:read_channel: RW3#
DEBUG:netmiko:Clear buffer detects data in the channel
DEBUG:netmiko:_read_channel_expect read_data: RW2#ter
DEBUG:netmiko:_read_channel_expect read_data: min
DEBUG:netmiko:read_channel: 
DEBUG:netmiko:write_channel: b'\n'
DEBUG:netmiko:_read_channel_expect read_data: al 
DEBUG:netmiko:read_channel: 
RW3#
DEBUG:netmiko:_read_channel_expect read_data: leng
DEBUG:netmiko:_read_channel_expect read_data: th 0

DEBUG:netmiko:Pattern found: terminal\ length\ 0 
RW2#terminal length 0

DEBUG:netmiko:
RW2#terminal length 0

DEBUG:netmiko:Exiting disable_paging
DEBUG:netmiko:read_channel: 
DEBUG:netmiko:[find_prompt()]: prompt is RW3#
DEBUG:netmiko:write_channel: b'\n'
DEBUG:netmiko:Pattern is: RW3
DEBUG:netmiko:read_channel: RW2#
DEBUG:netmiko:Clear buffer detects data in the channel
DEBUG:netmiko:_read_channel_expect read_data: 

DEBUG:netmiko:_read_channel_expect read_data: RW3#
DEBUG:netmiko:Pattern found: RW3 
RW3#
DEBUG:netmiko:read_channel: 
DEBUG:netmiko:write_channel: b'\n'
DEBUG:netmiko:read_channel: 
DEBUG:netmiko:write_channel: b'\n'
DEBUG:paramiko.transport:userauth is OK
INFO:paramiko.transport:Authentication (password) successful!
DEBUG:paramiko.transport:[chan 0] Max packet in: 32768 bytes
DEBUG:paramiko.transport:[chan 0] Max packet out: 4096 bytes
DEBUG:paramiko.transport:Secsh channel 0 opened.
DEBUG:paramiko.transport:[chan 0] Sesch channel 0 request ok
DEBUG:netmiko:read_channel: 
RW2#
DEBUG:paramiko.transport:[chan 0] Sesch channel 0 request ok
DEBUG:netmiko:write_channel: b'terminal width 511\n'
DEBUG:netmiko:Pattern is: terminal width 511
DEBUG:netmiko:_read_channel_expect read_data: RW4#
DEBUG:netmiko:read_channel: 
RW3#
DEBUG:netmiko:_read_channel_expect read_data: ter
DEBUG:netmiko:read_channel: 
DEBUG:netmiko:[find_prompt()]: prompt is RW2#
DEBUG:netmiko:write_channel: b'\n'
DEBUG:netmiko:Pattern is: RW2
DEBUG:netmiko:_read_channel_expect read_data: min
DEBUG:netmiko:read_channel: 
DEBUG:netmiko:[find_prompt()]: prompt is RW3#
DEBUG:netmiko:_read_channel_expect read_data: 

DEBUG:netmiko:_read_channel_expect read_data: al wi
DEBUG:netmiko:_read_channel_expect read_data: RW2#
DEBUG:netmiko:Pattern found: RW2 
RW2#
DEBUG:netmiko:_read_channel_expect read_data: dth 
DEBUG:netmiko:read_channel: 
DEBUG:netmiko:write_channel: b'\n'
DEBUG:netmiko:_read_channel_expect read_data: 511

DEBUG:netmiko:Pattern found: terminal width 511 RW4#terminal width 511

DEBUG:netmiko:In disable_paging
DEBUG:netmiko:Command: terminal length 0

DEBUG:netmiko:write_channel: b'terminal length 0\n'
DEBUG:netmiko:Pattern is: terminal\ length\ 0
DEBUG:netmiko:_read_channel_expect read_data: RW4#
DEBUG:netmiko:read_channel: 
DEBUG:netmiko:write_channel: b'show run\n'
DEBUG:netmiko:Pattern is: show\ run
DEBUG:netmiko:read_channel: 
RW2#
DEBUG:netmiko:_read_channel_expect read_data: s
DEBUG:netmiko:_read_channel_expect read_data: te
DEBUG:netmiko:_read_channel_expect read_data: how 
DEBUG:netmiko:_read_channel_expect read_data: rmin
DEBUG:netmiko:read_channel: 
DEBUG:netmiko:[find_prompt()]: prompt is RW2#
DEBUG:netmiko:_read_channel_expect read_data: run

DEBUG:netmiko:Pattern found: show\ run show run

DEBUG:netmiko:_read_channel_expect read_data: al l
DEBUG:netmiko:_read_channel_expect read_data: ength
DEBUG:netmiko:read_channel: Building configuration...

DEBUG:netmiko:_read_channel_expect read_data:  0
RW4#
DEBUG:netmiko:Pattern found: terminal\ length\ 0 RW4#terminal length 0
RW4#
DEBUG:netmiko:RW4#terminal length 0
RW4#
DEBUG:netmiko:Exiting disable_paging
DEBUG:netmiko:read_channel: 
DEBUG:netmiko:write_channel: b'show run\n'
DEBUG:netmiko:Pattern is: show\ run
DEBUG:netmiko:_read_channel_expect read_data: s
DEBUG:netmiko:read_channel: 
DEBUG:netmiko:write_channel: b'\n'
DEBUG:netmiko:read_channel: 
DEBUG:netmiko:_read_channel_expect read_data: how 
DEBUG:netmiko:read_channel: 
RW4#
DEBUG:netmiko:_read_channel_expect read_data: run

DEBUG:netmiko:Pattern found: show\ run show run

DEBUG:netmiko:read_channel: 
DEBUG:netmiko:read_channel: 
DEBUG:netmiko:[find_prompt()]: prompt is RW4#
DEBUG:netmiko:write_channel: b'\n'
DEBUG:netmiko:Pattern is: RW4
DEBUG:netmiko:_read_channel_expect read_data: 

DEBUG:netmiko:read_channel: Building configuration...

DEBUG:netmiko:read_channel: 
DEBUG:netmiko:_read_channel_expect read_data: RW4#
DEBUG:netmiko:Pattern found: RW4 
RW4#
DEBUG:netmiko:read_channel: 
DEBUG:netmiko:write_channel: b'\n'
DEBUG:netmiko:read_channel: 
DEBUG:netmiko:read_channel: 
DEBUG:netmiko:read_channel: 
RW4#
DEBUG:netmiko:read_channel: 
DEBUG:netmiko:read_channel: 
DEBUG:netmiko:read_channel: 
DEBUG:netmiko:[find_prompt()]: prompt is RW4#
DEBUG:netmiko:read_channel: 
DEBUG:netmiko:read_channel: 
Current configuration : 2093 bytes
!
version 15.5
service timestamps debug datetime msec
service timestamps log datetime msec
no service password-encryption
!
hostname RW3
!
boot-start-marker
boot-end-marker
!
!
!
no aaa new-model
!
!
!
bsd-client server url https://cloudsso.cisco.com/as/token.oauth2
clock timezone IST 5 30
mmi polling-interval 60
no mmi auto-configure
no mmi pvc
mmi snmp-timeout 180
!
!
!
!
!
no ip icmp rate-limit unreachable
!
!
!
!
!
!
!
!


!
!
!
!
no ip domain lookup
ip domain name mylabs.local
ip cef
no ipv6 cef
!
multilink bundle-name authenticated
!
!
!
!
!
!
!
cts logging verbose
!
!
username Bharat privilege 15 password 0 Nyk@@123#
!
redundancy
!
!
ip tcp synwait-time 5
ip ssh version 2
! 
!
!
!
!
!
!
!
!
!
!
!
!
interface Ethernet0/0
 ip address 192.168.122.102 255.255.255.0
!
interface Ethernet0/1
 no ip address
 shutdown
!
interface Ethernet0/2
 no ip address
 shutdown
!
interface Ethernet0/3
 no ip address
 shutdown
!
interface Ethernet1/0
 no ip address
 shutdown
!
interface Ethernet1/1
 no ip address
 shutdown
!
interface Ethernet1/2
 no ip address
 shutdown
!
interface Ethernet1/3
 no ip address
 shutdown
!
interface Serial2/0
 no ip address
 shutdown
 serial restart-delay 0
!
interface Serial2/1
 no ip address
 shutdown
 serial restart-delay 0
!
interface Serial2/2
 no ip address
 shutdown
 serial restart-delay 0
!
interface Serial2/3
 no ip address
 shutdown
 serial restart-delay 0
!
interface Serial3/0
 no ip address
 shutdown
 serial restart-delay 0
!
interface Serial3/1
 no ip address
 shutdown
 serial restart-delay 0
!
interface Serial3/2
 no ip address
 shutdown
 serial restart-delay 0
!
interface Serial3/3
 no ip address
 shutdown
 serial restart-delay 0
!
router ospf 100
 network 0.0.0.0 255.255.255.255 area 0
!
ip forward-protocol nd
!
!
no ip http server
no ip http secure-server
ip route 0.0.0.0 0.0.0.0 192.168.122.1
!
!
!
!
control-plane
!
!
!
!
!
!
!
!
line con 0
 exec-timeout 0 0
 privilege level 15
 logging synchronous
line aux 0
 exec-timeout 0 0
 privilege level 15
 logging synchronous
line vty 0 4
 login local
 transport input ssh
!
!
end

RW3#
DEBUG:netmiko:read_channel: 
DEBUG:netmiko:write_channel: b'\n'
DEBUG:netmiko:read_channel: 
DEBUG:netmiko:write_channel: b'show run\n'
DEBUG:netmiko:Pattern is: show\ run
DEBUG:netmiko:read_channel: 
DEBUG:netmiko:_read_channel_expect read_data: s
DEBUG:netmiko:read_channel: 
RW3#
DEBUG:netmiko:_read_channel_expect read_data: how 
DEBUG:netmiko:read_channel: 
DEBUG:netmiko:_read_channel_expect read_data: run

DEBUG:netmiko:Pattern found: show\ run show run

DEBUG:netmiko:read_channel: 
DEBUG:netmiko:[find_prompt()]: prompt is RW3#
DEBUG:netmiko:write_channel: b'\n'
DEBUG:netmiko:read_channel: 
Current configuration : 2093 bytes
!
version 15.5
service timestamps debug datetime msec
service timestamps log datetime msec
no service password-encryption
!
hostname RW2
!
boot-start-marker
boot-end-marker
!
!
!
no aaa new-model
!
!
!
bsd-client server url https://cloudsso.cisco.com/as/token.oauth2
clock timezone IST 5 30
mmi polling-interval 60
no mmi auto-configure
no mmi pvc
mmi snmp-timeout 180
!
!
!
!
!
no ip icmp rate-limit unreachable
!
!
!
!
!
!
!
!


!
!
!
!
no ip domain lookup
ip domain name mylabs.local
ip cef
no ipv6 cef
!
multilink bundle-name authenticated
!
!
!
!
!
!
!
cts logging verbose
!
!
username Bharat privilege 15 password 0 Nyk@@123#
!
redundancy
!
!
ip tcp synwait-time 5
ip ssh version 2
! 
!
!
!
!
!
!
!
!
!
!
!
!
interface Ethernet0/0
 ip address 192.168.122.101 255.255.255.0
!
interface Ethernet0/1
 no ip address
 shutdown
!
interface Ethernet0/2
 no ip address
 shutdown
!
interface Ethernet0/3
 no ip address
 shutdown
!
interface Ethernet1/0
 no ip address
 shutdown
!
interface Ethernet1/1
 no ip address
 shutdown
!
interface Ethernet1/2
 no ip address
 shutdown
!
interface Ethernet1/3
 no ip address
 shutdown
!
interface Serial2/0
 no ip address
 shutdown
 serial restart-delay 0
!
interface Serial2/1
 no ip address
 shutdown
 serial restart-delay 0
!
interface Serial2/2
 no ip address
 shutdown
 serial restart-delay 0
!
interface Serial2/3
 no ip address
 shutdown
 serial restart-delay 0
!
interface Serial3/0
 no ip address
 shutdown
 serial restart-delay 0
!
interface Serial3/1
 no ip address
 shutdown
 serial restart-delay 0
!
interface Serial3/2
 no ip address
 shutdown
 serial restart-delay 0
!
interface Serial3/3
 no ip address
 shutdown
 serial restart-delay 0
!
router ospf 100
 network 0.0.0.0 255.255.255.255 area 0
!
ip forward-protocol nd
!
!
no ip http server
no ip http secure-server
ip route 0.0.0.0 0.0.0.0 192.168.122.1
!
!
!
!
control-plane
!
!
!
!
!
!
!
!
line con 0
 exec-timeout 0 0
 privilege level 15
 logging synchronous
line aux 0
 exec-timeout 0 0
 privilege level 15
 logging synchronous
line vty 0 4
 login local
 transport input ssh
!
!
end

RW2#
DEBUG:netmiko:read_channel: Building configuration...

DEBUG:netmiko:read_channel: 
DEBUG:netmiko:write_channel: b'\n'
DEBUG:netmiko:read_channel: 

DEBUG:netmiko:read_channel: 
DEBUG:netmiko:write_channel: b'\n'
DEBUG:netmiko:read_channel: 
DEBUG:netmiko:read_channel: RW2#
RW2#
DEBUG:netmiko:read_channel: 
DEBUG:netmiko:read_channel: 
DEBUG:netmiko:[find_prompt()]: prompt is RW2#
DEBUG:netmiko:write_channel: b'\n'
DEBUG:netmiko:read_channel: 
DEBUG:netmiko:read_channel: 
DEBUG:netmiko:read_channel: 
RW3#
DEBUG:netmiko:read_channel: 
DEBUG:netmiko:read_channel: 
DEBUG:netmiko:read_channel: 
DEBUG:netmiko:read_channel: 
RW2#
DEBUG:netmiko:read_channel: 
DEBUG:netmiko:read_channel: 
Current configuration : 2093 bytes
!
version 15.5
service timestamps debug datetime msec
service timestamps log datetime msec
no service password-encryption
!
hostname RW4
!
boot-start-marker
boot-end-marker
!
!
!
no aaa new-model
!
!
!
bsd-client server url https://cloudsso.cisco.com/as/token.oauth2
clock timezone IST 5 30
mmi polling-interval 60
no mmi auto-configure
no mmi pvc
mmi snmp-timeout 180
!
!
!
!
!
no ip icmp rate-limit unreachable
!
!
!
!
!
!
!
!


!
!
!
!
no ip domain lookup
ip domain name mylabs.local
ip cef
no ipv6 cef
!
multilink bundle-name authenticated
!
!
!
!
!
!
!
cts logging verbose
!
!
username Bharat privilege 15 password 0 Nyk@@123#
!
redundancy
!
!
ip tcp synwait-time 5
ip ssh version 2
! 
!
!
!
!
!
!
!
!
!
!
!
!
interface Ethernet0/0
 ip address 192.168.122.103 255.255.255.0
!
interface Ethernet0/1
 no ip address
 shutdown
!
interface Ethernet0/2
 no ip address
 shutdown
!
interface Ethernet0/3
 no ip address
 shutdown
!
interface Ethernet1/0
 no ip address
 shutdown
!
interface Ethernet1/1
 no ip address
 shutdown
!
interface Ethernet1/2
 no ip address
 shutdown
!
interface Ethernet1/3
 no ip address
 shutdown
!
interface Serial2/0
 no ip address
 shutdown
 serial restart-delay 0
!
interface Serial2/1
 no ip address
 shutdown
 serial restart-delay 0
!
interface Serial2/2
 no ip address
 shutdown
 serial restart-delay 0
!
interface Serial2/3
 no ip address
 shutdown
 serial restart-delay 0
!
interface Serial3/0
 no ip address
 shutdown
 serial restart-delay 0
!
interface Serial3/1
 no ip address
 shutdown
 serial restart-delay 0
!
interface Serial3/2
 no ip address
 shutdown
 serial restart-delay 0
!
interface Serial3/3
 no ip address
 shutdown
 serial restart-delay 0
!
router ospf 100
 network 0.0.0.0 255.255.255.255 area 0
!
ip forward-protocol nd
!
!
no ip http server
no ip http secure-server
ip route 0.0.0.0 0.0.0.0 192.168.122.1
!
!
!
!
control-plane
!
!
!
!
!
!
!
!
line con 0
 exec-timeout 0 0
 privilege level 15
 logging synchronous
line aux 0
 exec-timeout 0 0
 privilege level 15
 logging synchronous
line vty 0 4
 login local
 transport input ssh
!
!
end

RW4#
DEBUG:netmiko:read_channel: 
DEBUG:netmiko:read_channel: 
DEBUG:netmiko:write_channel: b'\n'
DEBUG:netmiko:read_channel: 
DEBUG:netmiko:read_channel: 
DEBUG:netmiko:write_channel: b'\n'
DEBUG:netmiko:read_channel: 
RW4#

DEBUG:netmiko:read_channel: RW4#
DEBUG:netmiko:Clear buffer detects data in the channel
DEBUG:netmiko:read_channel: 
DEBUG:netmiko:read_channel: 
DEBUG:netmiko:[find_prompt()]: prompt is RW4#
DEBUG:netmiko:write_channel: b'\n'
DEBUG:netmiko:read_channel: 
RW4#
DEBUG:netmiko:read_channel: 
DEBUG:netmiko:read_channel: 
DEBUG:netmiko:write_channel: b'exit\n'
DEBUG:paramiko.transport:EOF in transport thread
DEBUG:netmiko:read_channel: 
DEBUG:netmiko:write_channel: b'exit\n'
DEBUG:paramiko.transport:EOF in transport thread
DEBUG:netmiko:read_channel: 
DEBUG:netmiko:write_channel: b'exit\n'
